2008.07.27 18:05 B C:\Documents and Settings\Bill\My Documents\rih3\Images\1012500.gif <-- Bill /Images 1012500.gif
2008.07.27 18:05 B C:\Documents and Settings\Bill\My Documents\rih3\Images\1012585.gif <-- Bill /Images 1012585.gif
2008.07.27 18:05 B C:\Documents and Settings\Bill\My Documents\rih3\Images\1050055.gif <-- Bill /Images 1050055.gif
2008.07.27 18:05 B C:\Documents and Settings\Bill\My Documents\rih3\Images\2hares.jpg <-- Bill /Images 2hares.jpg
2008.07.27 18:05 B C:\Documents and Settings\Bill\My Documents\rih3\Images\60_Minute_IPA.jpg <-- Bill /Images 60_Minute_IPA.jpg
2008.07.27 18:05 B C:\Documents and Settings\Bill\My Documents\rih3\Images\aceandgary.jpg <-- Bill /Images aceandgary.jpg
2008.07.27 18:05 B C:\Documents and Settings\Bill\My Documents\rih3\Images\amish1.jpg <-- Bill /Images amish1.jpg
2008.07.27 18:05 B C:\Documents and Settings\Bill\My Documents\rih3\Images\amish2.jpg <-- Bill /Images amish2.jpg
2008.07.27 18:05 B C:\Documents and Settings\Bill\My Documents\rih3\Images\amish3.jpg <-- Bill /Images amish3.jpg
2008.07.27 18:05 B C:\Documents and Settings\Bill\My Documents\rih3\Images\basket1_s.jpg <-- Bill /Images basket1_s.jpg
2008.07.27 18:05 B C:\Documents and Settings\Bill\My Documents\rih3\Images\basketbaxter.jpg <-- Bill /Images basketbaxter.jpg
2008.07.27 18:05 B C:\Documents and Settings\Bill\My Documents\rih3\Images\basketbaxter_small.jpg <-- Bill /Images basketbaxter_small.jpg
2008.07.27 18:05 B C:\Documents and Settings\Bill\My Documents\rih3\Images\baskets.jpg <-- Bill /Images baskets.jpg
2008.07.27 18:05 B C:\Documents and Settings\Bill\My Documents\rih3\Images\beer.gif <-- Bill /Images beer.gif
2008.07.27 18:05 B C:\Documents and Settings\Bill\My Documents\rih3\Images\Bigwhale.gif <-- Bill /Images Bigwhale.gif
2008.07.27 18:05 B C:\Documents and Settings\Bill\My Documents\rih3\Images\birdbrain1.jpg <-- Bill /Images birdbrain1.jpg
2008.07.27 18:05 B C:\Documents and Settings\Bill\My Documents\rih3\Images\brynnersmall.jpg <-- Bill /Images brynnersmall.jpg
2008.07.27 18:05 B C:\Documents and Settings\Bill\My Documents\rih3\Images\bud7.jpg <-- Bill /Images bud7.jpg
2008.07.27 18:05 B C:\Documents and Settings\Bill\My Documents\rih3\Images\Concrete1.jpg <-- Bill /Images Concrete1.jpg
2008.07.27 18:05 B C:\Documents and Settings\Bill\My Documents\rih3\Images\cruela.jpg <-- Bill /Images cruela.jpg
2008.07.27 18:05 B C:\Documents and Settings\Bill\My Documents\rih3\Images\Cumunder3.jpg <-- Bill /Images Cumunder3.jpg
2008.07.27 18:05 B C:\Documents and Settings\Bill\My Documents\rih3\Images\detail-real.gif <-- Bill /Images detail-real.gif
2008.07.27 18:05 B C:\Documents and Settings\Bill\My Documents\rih3\Images\detail-wma.gif <-- Bill /Images detail-wma.gif
2008.07.27 18:05 B C:\Documents and Settings\Bill\My Documents\rih3\Images\dog.gif <-- Bill /Images dog.gif
2008.07.27 18:05 B C:\Documents and Settings\Bill\My Documents\rih3\Images\drwho.gif <-- Bill /Images drwho.gif
2008.07.27 18:05 B C:\Documents and Settings\Bill\My Documents\rih3\Images\drwhosmall.gif <-- Bill /Images drwhosmall.gif
2008.07.27 18:05 B C:\Documents and Settings\Bill\My Documents\rih3\Images\dryfootfairy.jpg <-- Bill /Images dryfootfairy.jpg
2008.07.27 18:05 B C:\Documents and Settings\Bill\My Documents\rih3\Images\email.gif <-- Bill /Images email.gif
2008.07.27 18:05 B C:\Documents and Settings\Bill\My Documents\rih3\Images\emfoot.gif <-- Bill /Images emfoot.gif
2008.07.27 18:05 B C:\Documents and Settings\Bill\My Documents\rih3\Images\femaledoctor_small.jpg <-- Bill /Images femaledoctor_small.jpg
2008.07.27 18:05 B C:\Documents and Settings\Bill\My Documents\rih3\Images\festivus.bmp <-- Bill /Images festivus.bmp
2008.07.27 18:05 B C:\Documents and Settings\Bill\My Documents\rih3\Images\fuwangiboner.jpg <-- Bill /Images fuwangiboner.jpg
2008.07.27 18:05 B C:\Documents and Settings\Bill\My Documents\rih3\Images\gayduo.jpg <-- Bill /Images gayduo.jpg
2008.07.27 18:05 B C:\Documents and Settings\Bill\My Documents\rih3\Images\guinness.jpg <-- Bill /Images guinness.jpg
2008.07.27 18:05 B C:\Documents and Settings\Bill\My Documents\rih3\Images\guinness1.jpg <-- Bill /Images guinness1.jpg
2008.07.27 18:05 B C:\Documents and Settings\Bill\My Documents\rih3\Images\hemi.jpg <-- Bill /Images hemi.jpg
2008.07.27 18:05 B C:\Documents and Settings\Bill\My Documents\rih3\Images\hemi1.jpg <-- Bill /Images hemi1.jpg
2008.07.27 18:05 B C:\Documents and Settings\Bill\My Documents\rih3\Images\jamgator.gif <-- Bill /Images jamgator.gif
2008.07.27 18:05 B C:\Documents and Settings\Bill\My Documents\rih3\Images\kilroy.gif <-- Bill /Images kilroy.gif
2008.07.27 18:05 B C:\Documents and Settings\Bill\My Documents\rih3\Images\kissmyass1.JPG <-- Bill /Images kissmyass1.JPG
2008.07.27 18:05 B C:\Documents and Settings\Bill\My Documents\rih3\Images\lobstahdress.gif <-- Bill /Images lobstahdress.gif
2008.07.27 18:05 B C:\Documents and Settings\Bill\My Documents\rih3\Images\looking4aName.jpg <-- Bill /Images looking4aName.jpg
2008.07.27 18:05 B C:\Documents and Settings\Bill\My Documents\rih3\Images\moyel.gif <-- Bill /Images moyel.gif
2008.07.27 18:05 B C:\Documents and Settings\Bill\My Documents\rih3\Images\musician128.gif <-- Bill /Images musician128.gif
2008.07.27 18:05 B C:\Documents and Settings\Bill\My Documents\rih3\Images\Nerd.gif <-- Bill /Images Nerd.gif
2008.07.27 18:05 B C:\Documents and Settings\Bill\My Documents\rih3\Images\new1.gif <-- Bill /Images new1.gif
2008.07.27 18:05 B C:\Documents and Settings\Bill\My Documents\rih3\Images\newlog7.gif <-- Bill /Images newlog7.gif
2008.07.27 18:05 B C:\Documents and Settings\Bill\My Documents\rih3\Images\newp.gif <-- Bill /Images newp.gif
2008.07.27 18:05 B C:\Documents and Settings\Bill\My Documents\rih3\Images\Nipplesuck2.gif <-- Bill /Images Nipplesuck2.gif
2008.07.27 18:05 B C:\Documents and Settings\Bill\My Documents\rih3\Images\notes_clear.gif <-- Bill /Images notes_clear.gif
2008.07.27 18:05 B C:\Documents and Settings\Bill\My Documents\rih3\Images\oozingbinladen2.jpg <-- Bill /Images oozingbinladen2.jpg
2008.07.27 18:05 B C:\Documents and Settings\Bill\My Documents\rih3\Images\party.gif <-- Bill /Images party.gif
2008.07.27 18:05 B C:\Documents and Settings\Bill\My Documents\rih3\Images\raging.gif <-- Bill /Images raging.gif
2008.07.27 18:05 B C:\Documents and Settings\Bill\My Documents\rih3\Images\rainlin_.gif <-- Bill /Images rainlin_.gif
2008.07.27 18:05 B C:\Documents and Settings\Bill\My Documents\rih3\Images\redbush.jpg <-- Bill /Images redbush.jpg
2008.07.27 18:05 B C:\Documents and Settings\Bill\My Documents\rih3\Images\redsnapper.jpg <-- Bill /Images redsnapper.jpg
2008.07.27 18:05 B C:\Documents and Settings\Bill\My Documents\rih3\Images\ripta.jpg <-- Bill /Images ripta.jpg
2008.07.27 18:05 B C:\Documents and Settings\Bill\My Documents\rih3\Images\rocksquat.jpg <-- Bill /Images rocksquat.jpg
2008.07.27 18:05 B C:\Documents and Settings\Bill\My Documents\rih3\Images\rooster1.gif <-- Bill /Images rooster1.gif
2008.07.27 18:05 B C:\Documents and Settings\Bill\My Documents\rih3\Images\santaspank_small.jpg <-- Bill /Images santaspank_small.jpg
2008.07.27 18:05 B C:\Documents and Settings\Bill\My Documents\rih3\Images\santastockings.jpg <-- Bill /Images santastockings.jpg
2008.07.27 18:05 B C:\Documents and Settings\Bill\My Documents\rih3\Images\smalldick1.gif <-- Bill /Images smalldick1.gif
2008.07.27 18:05 B C:\Documents and Settings\Bill\My Documents\rih3\Images\smalllog7.gif <-- Bill /Images smalllog7.gif
2008.07.27 18:05 B C:\Documents and Settings\Bill\My Documents\rih3\Images\SoiBoyToy.jpg <-- Bill /Images SoiBoyToy.jpg
2008.07.27 18:05 B C:\Documents and Settings\Bill\My Documents\rih3\Images\squat.jpg <-- Bill /Images squat.jpg
2008.07.27 18:05 B C:\Documents and Settings\Bill\My Documents\rih3\Images\summers-eve-2.gif <-- Bill /Images summers-eve-2.gif
2008.07.27 18:05 B C:\Documents and Settings\Bill\My Documents\rih3\Images\surprise1.jpg <-- Bill /Images surprise1.jpg
2008.07.27 18:05 B C:\Documents and Settings\Bill\My Documents\rih3\Images\tinkerbell.gif <-- Bill /Images tinkerbell.gif
2008.07.27 18:05 B C:\Documents and Settings\Bill\My Documents\rih3\Images\TN_binladenconvience.gif <-- Bill /Images TN_binladenconvience.gif
2008.07.27 18:05 B C:\Documents and Settings\Bill\My Documents\rih3\Images\wayne_beer_head.jpg <-- Bill /Images wayne_beer_head.jpg
2008.07.27 18:05 B C:\Documents and Settings\Bill\My Documents\rih3\Images\wiposgears.jpg <-- Bill /Images wiposgears.jpg
2008.07.27 18:05 B C:\Documents and Settings\Bill\My Documents\rih3\Images\xmas.gif <-- Bill /Images xmas.gif
2008.07.27 18:05 B C:\Documents and Settings\Bill\My Documents\rih3\Images\xrayhomershead.gif <-- Bill /Images xrayhomershead.gif
2008.07.27 18:05 B C:\Documents and Settings\Bill\My Documents\rih3\Images\yummy.bmp <-- Bill /Images yummy.bmp
2008.07.27 18:05 B C:\Documents and Settings\Bill\My Documents\rih3\Images\yummy.jpg <-- Bill /Images yummy.jpg
2008.08.11 16:16 B C:\Documents and Settings\Bill\My Documents\rih3\Images\bondo.gif --> ftp.hypermart.net /Images bondo.gif
2008.08.11 16:16 B C:\Documents and Settings\Bill\My Documents\rih3\Images\weeballs.jpg --> ftp.hypermart.net /Images weeballs.jpg
2008.09.27 10:33 B C:\Documents and Settings\Bill\My Documents\rih3\Images\1012500.gif <-- Bill /Images 1012500.gif
2008.09.27 10:33 B C:\Documents and Settings\Bill\My Documents\rih3\Images\1012585.gif <-- Bill /Images 1012585.gif
2008.09.27 10:33 B C:\Documents and Settings\Bill\My Documents\rih3\Images\1050055.gif <-- Bill /Images 1050055.gif
2008.09.27 10:33 B C:\Documents and Settings\Bill\My Documents\rih3\Images\bondo.gif <-- Bill /Images bondo.gif
2008.09.27 10:33 B C:\Documents and Settings\Bill\My Documents\rih3\Images\gator1.jpg <-- Bill /Images gator1.jpg
2008.09.27 10:33 B C:\Documents and Settings\Bill\My Documents\rih3\Images\looking4aName.jpg <-- Bill /Images looking4aName.jpg
2008.09.27 10:33 B C:\Documents and Settings\Bill\My Documents\rih3\Images\swamp.jpg <-- Bill /Images swamp.jpg
2008.09.27 10:33 B C:\Documents and Settings\Bill\My Documents\rih3\Images\swampwhine1.jpg <-- Bill /Images swampwhine1.jpg
2008.09.27 10:33 B C:\Documents and Settings\Bill\My Documents\rih3\Images\weeballs.jpg <-- Bill /Images weeballs.jpg
2008.10.03 21:01 B C:\Documents and Settings\Bill\My Documents\rih3\Images\donkey-punch.jpg --> ftp.hypermart.net /Images donkey-punch.jpg
2008.10.03 21:01 B C:\Documents and Settings\Bill\My Documents\rih3\Images\lips.gif --> ftp.hypermart.net /Images lips.gif
2008.10.03 21:01 B C:\Documents and Settings\Bill\My Documents\rih3\Images\snotty.gif --> ftp.hypermart.net /Images snotty.gif
2008.10.03 21:02 B C:\Documents and Settings\Bill\My Documents\rih3\Images\Thumbs.db --> ftp.hypermart.net /Images Thumbs.db
2008.10.03 21:02 B C:\Documents and Settings\Bill\My Documents\rih3\Images\two of us.jpg --> ftp.hypermart.net /Images two of us.jpg
2008.10.03 21:02 B C:\Documents and Settings\Bill\My Documents\rih3\Images\WS_FTP.LOG --> ftp.hypermart.net /Images WS_FTP.LOG
2008.10.03 21:13 B C:\Documents and Settings\Bill\My Documents\rih3\Images\hareline.html --> ftp.hypermart.net /Images hareline.html
